<?xml version="1.0" encoding="UTF-8"?>
<testsuite xmlns:xsi="http://www.w3.org/2001/XMLSchema-instance" xsi:noNamespaceSchemaLocation="https://maven.apache.org/surefire/maven-surefire-plugin/xsd/surefire-test-report-3.0.xsd" version="3.0" name="ru.yandex.praktikum.tests.CreateUserTest" time="3.76" tests="5" errors="0" skipped="0" failures="0">
  <properties>
    <property name="gopherProxySet" value="false"/>
    <property name="awt.toolkit" value="sun.lwawt.macosx.LWCToolkit"/>
    <property name="java.specification.version" value="11"/>
    <property name="sun.cpu.isalist" value=""/>
    <property name="sun.jnu.encoding" value="UTF-8"/>
    <property name="java.class.path" value="/Users/viktoriya/Desktop/Diplom_java_projects/Diplom_2_develop2/target/test-classes:/Users/viktoriya/Desktop/Diplom_java_projects/Diplom_2_develop2/target/classes:/Users/viktoriya/.m2/repository/junit/junit/4.13.2/junit-4.13.2.jar:/Users/viktoriya/.m2/repository/org/hamcrest/hamcrest-core/1.3/hamcrest-core-1.3.jar:/Users/viktoriya/.m2/repository/io/rest-assured/rest-assured/5.3.2/rest-assured-5.3.2.jar:/Users/viktoriya/.m2/repository/org/apache/groovy/groovy/4.0.11/groovy-4.0.11.jar:/Users/viktoriya/.m2/repository/org/apache/groovy/groovy-xml/4.0.11/groovy-xml-4.0.11.jar:/Users/viktoriya/.m2/repository/org/apache/httpcomponents/httpclient/4.5.13/httpclient-4.5.13.jar:/Users/viktoriya/.m2/repository/commons-logging/commons-logging/1.2/commons-logging-1.2.jar:/Users/viktoriya/.m2/repository/commons-codec/commons-codec/1.11/commons-codec-1.11.jar:/Users/viktoriya/.m2/repository/org/apache/httpcomponents/httpmime/4.5.13/httpmime-4.5.13.jar:/Users/viktoriya/.m2/repository/org/hamcrest/hamcrest/2.2/hamcrest-2.2.jar:/Users/viktoriya/.m2/repository/org/ccil/cowan/tagsoup/tagsoup/1.2.1/tagsoup-1.2.1.jar:/Users/viktoriya/.m2/repository/io/rest-assured/json-path/5.3.2/json-path-5.3.2.jar:/Users/viktoriya/.m2/repository/org/apache/groovy/groovy-json/4.0.11/groovy-json-4.0.11.jar:/Users/viktoriya/.m2/repository/io/rest-assured/rest-assured-common/5.3.2/rest-assured-common-5.3.2.jar:/Users/viktoriya/.m2/repository/io/rest-assured/xml-path/5.3.2/xml-path-5.3.2.jar:/Users/viktoriya/.m2/repository/io/qameta/allure/allure-junit4/2.24.0/allure-junit4-2.24.0.jar:/Users/viktoriya/.m2/repository/io/qameta/allure/allure-java-commons/2.24.0/allure-java-commons-2.24.0.jar:/Users/viktoriya/.m2/repository/io/qameta/allure/allure-model/2.24.0/allure-model-2.24.0.jar:/Users/viktoriya/.m2/repository/io/qameta/allure/allure-test-filter/2.24.0/allure-test-filter-2.24.0.jar:/Users/viktoriya/.m2/repository/org/projectlombok/lombok/1.18.34/lombok-1.18.34.jar:/Users/viktoriya/.m2/repository/com/fasterxml/jackson/core/jackson-databind/2.15.3/jackson-databind-2.15.3.jar:/Users/viktoriya/.m2/repository/com/fasterxml/jackson/core/jackson-annotations/2.15.3/jackson-annotations-2.15.3.jar:/Users/viktoriya/.m2/repository/com/fasterxml/jackson/core/jackson-core/2.15.3/jackson-core-2.15.3.jar:/Users/viktoriya/.m2/repository/org/apache/httpcomponents/httpcore/4.4.16/httpcore-4.4.16.jar:/Users/viktoriya/.m2/repository/com/github/javafaker/javafaker/1.0.2/javafaker-1.0.2.jar:/Users/viktoriya/.m2/repository/org/apache/commons/commons-lang3/3.5/commons-lang3-3.5.jar:/Users/viktoriya/.m2/repository/org/yaml/snakeyaml/1.23/snakeyaml-1.23-android.jar:/Users/viktoriya/.m2/repository/com/github/mifmif/generex/1.0.2/generex-1.0.2.jar:/Users/viktoriya/.m2/repository/dk/brics/automaton/automaton/1.11-8/automaton-1.11-8.jar:/Users/viktoriya/.m2/repository/org/slf4j/slf4j-simple/2.0.9/slf4j-simple-2.0.9.jar:/Users/viktoriya/.m2/repository/org/slf4j/slf4j-api/2.0.9/slf4j-api-2.0.9.jar:"/>
    <property name="java.vm.vendor" value="Amazon.com Inc."/>
    <property name="sun.arch.data.model" value="64"/>
    <property name="java.vendor.url" value="https://aws.amazon.com/corretto/"/>
    <property name="user.timezone" value="Europe/Moscow"/>
    <property name="java.vm.specification.version" value="11"/>
    <property name="os.name" value="Mac OS X"/>
    <property name="sun.java.launcher" value="SUN_STANDARD"/>
    <property name="user.country" value="RU"/>
    <property name="sun.boot.library.path" value="/Library/Java/JavaVirtualMachines/amazon-corretto-11.jdk/Contents/Home/lib"/>
    <property name="sun.java.command" value="/Users/viktoriya/Desktop/Diplom_java_projects/Diplom_2_develop2/target/surefire/surefirebooter-20250913113351835_3.jar /Users/viktoriya/Desktop/Diplom_java_projects/Diplom_2_develop2/target/surefire 2025-09-13T11-33-51_731-jvmRun1 surefire-20250913113351835_1tmp surefire_0-20250913113351835_2tmp"/>
    <property name="jdk.debug" value="release"/>
    <property name="surefire.test.class.path" value="/Users/viktoriya/Desktop/Diplom_java_projects/Diplom_2_develop2/target/test-classes:/Users/viktoriya/Desktop/Diplom_java_projects/Diplom_2_develop2/target/classes:/Users/viktoriya/.m2/repository/junit/junit/4.13.2/junit-4.13.2.jar:/Users/viktoriya/.m2/repository/org/hamcrest/hamcrest-core/1.3/hamcrest-core-1.3.jar:/Users/viktoriya/.m2/repository/io/rest-assured/rest-assured/5.3.2/rest-assured-5.3.2.jar:/Users/viktoriya/.m2/repository/org/apache/groovy/groovy/4.0.11/groovy-4.0.11.jar:/Users/viktoriya/.m2/repository/org/apache/groovy/groovy-xml/4.0.11/groovy-xml-4.0.11.jar:/Users/viktoriya/.m2/repository/org/apache/httpcomponents/httpclient/4.5.13/httpclient-4.5.13.jar:/Users/viktoriya/.m2/repository/commons-logging/commons-logging/1.2/commons-logging-1.2.jar:/Users/viktoriya/.m2/repository/commons-codec/commons-codec/1.11/commons-codec-1.11.jar:/Users/viktoriya/.m2/repository/org/apache/httpcomponents/httpmime/4.5.13/httpmime-4.5.13.jar:/Users/viktoriya/.m2/repository/org/hamcrest/hamcrest/2.2/hamcrest-2.2.jar:/Users/viktoriya/.m2/repository/org/ccil/cowan/tagsoup/tagsoup/1.2.1/tagsoup-1.2.1.jar:/Users/viktoriya/.m2/repository/io/rest-assured/json-path/5.3.2/json-path-5.3.2.jar:/Users/viktoriya/.m2/repository/org/apache/groovy/groovy-json/4.0.11/groovy-json-4.0.11.jar:/Users/viktoriya/.m2/repository/io/rest-assured/rest-assured-common/5.3.2/rest-assured-common-5.3.2.jar:/Users/viktoriya/.m2/repository/io/rest-assured/xml-path/5.3.2/xml-path-5.3.2.jar:/Users/viktoriya/.m2/repository/io/qameta/allure/allure-junit4/2.24.0/allure-junit4-2.24.0.jar:/Users/viktoriya/.m2/repository/io/qameta/allure/allure-java-commons/2.24.0/allure-java-commons-2.24.0.jar:/Users/viktoriya/.m2/repository/io/qameta/allure/allure-model/2.24.0/allure-model-2.24.0.jar:/Users/viktoriya/.m2/repository/io/qameta/allure/allure-test-filter/2.24.0/allure-test-filter-2.24.0.jar:/Users/viktoriya/.m2/repository/org/projectlombok/lombok/1.18.34/lombok-1.18.34.jar:/Users/viktoriya/.m2/repository/com/fasterxml/jackson/core/jackson-databind/2.15.3/jackson-databind-2.15.3.jar:/Users/viktoriya/.m2/repository/com/fasterxml/jackson/core/jackson-annotations/2.15.3/jackson-annotations-2.15.3.jar:/Users/viktoriya/.m2/repository/com/fasterxml/jackson/core/jackson-core/2.15.3/jackson-core-2.15.3.jar:/Users/viktoriya/.m2/repository/org/apache/httpcomponents/httpcore/4.4.16/httpcore-4.4.16.jar:/Users/viktoriya/.m2/repository/com/github/javafaker/javafaker/1.0.2/javafaker-1.0.2.jar:/Users/viktoriya/.m2/repository/org/apache/commons/commons-lang3/3.5/commons-lang3-3.5.jar:/Users/viktoriya/.m2/repository/org/yaml/snakeyaml/1.23/snakeyaml-1.23-android.jar:/Users/viktoriya/.m2/repository/com/github/mifmif/generex/1.0.2/generex-1.0.2.jar:/Users/viktoriya/.m2/repository/dk/brics/automaton/automaton/1.11-8/automaton-1.11-8.jar:/Users/viktoriya/.m2/repository/org/slf4j/slf4j-simple/2.0.9/slf4j-simple-2.0.9.jar:/Users/viktoriya/.m2/repository/org/slf4j/slf4j-api/2.0.9/slf4j-api-2.0.9.jar:"/>
    <property name="allure.results.directory" value="/Users/viktoriya/Desktop/Diplom_java_projects/Diplom_2_develop2/target/allure-results"/>
    <property name="sun.cpu.endian" value="little"/>
    <property name="user.home" value="/Users/viktoriya"/>
    <property name="user.language" value="ru"/>
    <property name="java.specification.vendor" value="Oracle Corporation"/>
    <property name="java.version.date" value="2025-04-15"/>
    <property name="java.home" value="/Library/Java/JavaVirtualMachines/amazon-corretto-11.jdk/Contents/Home"/>
    <property name="file.separator" value="/"/>
    <property name="basedir" value="/Users/viktoriya/Desktop/Diplom_java_projects/Diplom_2_develop2"/>
    <property name="java.vm.compressedOopsMode" value="Zero based"/>
    <property name="line.separator" value="&#10;"/>
    <property name="java.specification.name" value="Java Platform API Specification"/>
    <property name="java.vm.specification.vendor" value="Oracle Corporation"/>
    <property name="java.awt.graphicsenv" value="sun.awt.CGraphicsEnvironment"/>
    <property name="surefire.real.class.path" value="/Users/viktoriya/Desktop/Diplom_java_projects/Diplom_2_develop2/target/surefire/surefirebooter-20250913113351835_3.jar"/>
    <property name="sun.management.compiler" value="HotSpot 64-Bit Tiered Compilers"/>
    <property name="java.runtime.version" value="11.0.27+6-LTS"/>
    <property name="user.name" value="viktoriya"/>
    <property name="path.separator" value=":"/>
    <property name="os.version" value="15.4.1"/>
    <property name="java.runtime.name" value="OpenJDK Runtime Environment"/>
    <property name="file.encoding" value="UTF-8"/>
    <property name="java.vm.name" value="OpenJDK 64-Bit Server VM"/>
    <property name="java.vendor.version" value="Corretto-11.0.27.6.1"/>
    <property name="localRepository" value="/Users/viktoriya/.m2/repository"/>
    <property name="java.vendor.url.bug" value="https://github.com/corretto/corretto-11/issues/"/>
    <property name="java.io.tmpdir" value="/var/folders/m6/z_t748291dl2_t0hjk8lkg240000gn/T/"/>
    <property name="idea.version" value="2025.1.1.1"/>
    <property name="java.version" value="11.0.27"/>
    <property name="user.dir" value="/Users/viktoriya/Desktop/Diplom_java_projects/Diplom_2_develop2"/>
    <property name="os.arch" value="x86_64"/>
    <property name="java.vm.specification.name" value="Java Virtual Machine Specification"/>
    <property name="java.awt.printerjob" value="sun.lwawt.macosx.CPrinterJob"/>
    <property name="sun.os.patch.level" value="unknown"/>
    <property name="java.library.path" value="/Users/viktoriya/Library/Java/Extensions:/Library/Java/Extensions:/Network/Library/Java/Extensions:/System/Library/Java/Extensions:/usr/lib/java:."/>
    <property name="java.vm.info" value="mixed mode"/>
    <property name="java.vendor" value="Amazon.com Inc."/>
    <property name="java.vm.version" value="11.0.27+6-LTS"/>
    <property name="java.specification.maintenance.version" value="3"/>
    <property name="sun.io.unicode.encoding" value="UnicodeBig"/>
    <property name="java.class.version" value="55.0"/>
  </properties>
  <testcase name="cannotCreateUserWithoutPasswordTest" classname="ru.yandex.praktikum.tests.CreateUserTest" time="0.33"/>
  <testcase name="cannotCreateUserWithoutEmailTest" classname="ru.yandex.praktikum.tests.CreateUserTest" time="0.34"/>
  <testcase name="cannotCreateDuplicateUserTest" classname="ru.yandex.praktikum.tests.CreateUserTest" time="1.542"/>
  <testcase name="createUniqueUserSuccessfullyTest" classname="ru.yandex.praktikum.tests.CreateUserTest" time="1.179"/>
  <testcase name="cannotCreateUserWithoutNameTest" classname="ru.yandex.praktikum.tests.CreateUserTest" time="0.357"/>
</testsuite>